Flutter crash report.
Please report a bug at https://github.com/flutter/flutter/issues.

## command

flutter build apk

## exception

FileSystemException: FileSystemException: Cannot copy file to 'D:\Kartheek\k\hourly_need\build\app\outputs\flutter-apk\app.apk', path = 'D:\Kartheek\k\hourly_need\build\app\outputs\flutter-apk\app-release.apk' (OS Error: Cannot create a file when that file already exists.
, errno = 183)

```
#0      _File.throwIfError (dart:io/file_impl.dart:635:7)
#1      _File.copySync (dart:io/file_impl.dart:340:5)
#2      ForwardingFile.copySync (package:file/src/forwarding/forwarding_file.dart:30:50)
#3      buildGradleApp (package:flutter_tools/src/android/gradle.dart:498:11)
#4      _rootRunUnary (dart:async/zone.dart:1198:47)
#5      _CustomZone.runUnary (dart:async/zone.dart:1100:19)
#6      _FutureListener.handleValue (dart:async/future_impl.dart:143:18)
#7      Future._propagateToListeners.handleValueCallback (dart:async/future_impl.dart:696:45)
#8      Future._propagateToListeners (dart:async/future_impl.dart:725:32)
#9      Future._completeWithValue (dart:async/future_impl.dart:529:5)
#10     _AsyncAwaitCompleter.complete (dart:async-patch/async_patch.dart:40:15)
#11     _completeOnAsyncReturn (dart:async-patch/async_patch.dart:311:13)
#12     _DefaultProcessUtils.stream (package:flutter_tools/src/base/process.dart)
#13     _rootRunUnary (dart:async/zone.dart:1198:47)
#14     _CustomZone.runUnary (dart:async/zone.dart:1100:19)
#15     _FutureListener.handleValue (dart:async/future_impl.dart:143:18)
#16     Future._propagateToListeners.handleValueCallback (dart:async/future_impl.dart:696:45)
#17     Future._propagateToListeners (dart:async/future_impl.dart:725:32)
#18     Future._completeWithValue (dart:async/future_impl.dart:529:5)
#19     Future._asyncCompleteWithValue.<anonymous closure> (dart:async/future_impl.dart:567:7)
#20     _rootRun (dart:async/zone.dart:1190:13)
#21     _CustomZone.run (dart:async/zone.dart:1093:19)
#22     _CustomZone.runGuarded (dart:async/zone.dart:997:7)
#23     _CustomZone.bindCallbackGuarded.<anonymous closure> (dart:async/zone.dart:1037:23)
#24     _microtaskLoop (dart:async/schedule_microtask.dart:41:21)
#25     _startMicrotaskLoop (dart:async/schedule_microtask.dart:50:5)
#26     _runPendingImmediateCallback (dart:isolate-patch/isolate_patch.dart:118:13)
#27     _RawReceivePortImpl._handleMessage (dart:isolate-patch/isolate_patch.dart:169:5)
```

## flutter doctor

```
[✓] Flutter (Channel stable, 1.22.6, on Microsoft Windows [Version 10.0.18363.1139], locale en-US)
    • Flutter version 1.22.6 at C:\src\flutter
    • Framework revision 9b2d32b605 (6 days ago), 2021-01-22 14:36:39 -0800
    • Engine revision 2f0af37152
    • Dart version 2.10.5

[✓] Android toolchain - develop for Android devices (Android SDK version 30.0.3)
    • Android SDK at C:\Users\Public\SDK\Sdk
    • Platform android-30, build-tools 30.0.3
    • ANDROID_SDK_ROOT = C:\Users\Public\SDK\Sdk
    • Java binary at: C:\Program Files\Android\Android Studio\jre\bin\java
    • Java version OpenJDK Runtime Environment (build 1.8.0_242-release-1644-b01)
    • All Android licenses accepted.

[!] Android Studio (version 4.1.0)
    • Android Studio at C:\Program Files\Android\Android Studio
    ✗ Flutter plugin not installed; this adds Flutter specific functionality.
    ✗ Dart plugin not installed; this adds Dart specific functionality.
    • Java version OpenJDK Runtime Environment (build 1.8.0_242-release-1644-b01)

[✓] Connected device (1 available)
    • ASUS X00TD (mobile) • 192.168.55.102:5555 • android-arm64 • Android 10 (API 29)

! Doctor found issues in 1 category.
```
